Performing C SOURCE FILE Test CMAKE_HAVE_LIBC_PTHREAD failed with the following output:
Change Dir: C:/Users/Admin/Desktop/Duyy/Work/pdfReder2/PDFReaderPro/PDFReaderPro/android-pdf-viewer/.cxx/Debug/94e3z4s8/armeabi-v7a/CMakeFiles/CMakeTmp

Run Build Command(s):C:\Users\Admin\AppData\Local\Android\Sdk\cmake\3.22.1\bin\ninja.exe cmTC_b454f && [1/2] Building C object CMakeFiles/cmTC_b454f.dir/src.c.o
C:/Users/Admin/Desktop/Duyy/Work/pdfReder2/PDFReaderPro/PDFReaderPro/android-pdf-viewer/.cxx/Debug/94e3z4s8/armeabi-v7a/CMakeFiles/CMakeTmp/src.c:13:3: warning: implicit declaration of function 'pthread_cancel' is invalid in C99 [-Wimplicit-function-declaration]
  pthread_cancel(thread);
  ^
1 warning generated.
[2/2] Linking C executable cmTC_b454f
FAILED: cmTC_b454f 
cmd.exe /C "cd . && C:\Users\Admin\AppData\Local\Android\Sdk\ndk\21.1.6352462\toolchains\llvm\prebuilt\windows-x86_64\bin\clang.exe --target=armv7-none-linux-androideabi21 --gcc-toolchain=C:/Users/Admin/AppData/Local/Android/Sdk/ndk/21.1.6352462/toolchains/llvm/prebuilt/windows-x86_64 --sysroot=C:/Users/Admin/AppData/Local/Android/Sdk/ndk/21.1.6352462/toolchains/llvm/prebuilt/windows-x86_64/sysroot -g -DANDROID -fdata-sections -ffunction-sections -funwind-tables -fstack-protector-strong -no-canonical-prefixes -D_FORTIFY_SOURCE=2 -march=armv7-a -mthumb -Wformat -Werror=format-security -Wl,--exclude-libs,libgcc.a -Wl,--exclude-libs,libgcc_real.a -Wl,--exclude-libs,libatomic.a -Wl,--build-id -Wl,--fatal-warnings -Wl,--exclude-libs,libunwind.a -Wl,--no-undefined -Qunused-arguments -Wl,--gc-sections CMakeFiles/cmTC_b454f.dir/src.c.o -o cmTC_b454f  -latomic -lm && cd ."
C:/Users/Admin/Desktop/Duyy/Work/pdfReder2/PDFReaderPro/PDFReaderPro/android-pdf-viewer/.cxx/Debug/94e3z4s8/armeabi-v7a/CMakeFiles/CMakeTmp/src.c:13: error: undefined reference to 'pthread_cancel'
clang: error: linker command failed with exit code 1 (use -v to see invocation)
ninja: build stopped: subcommand failed.


Source file was:
#include <pthread.h>

static void* test_func(void* data)
{
  return data;
}

int main(void)
{
  pthread_t thread;
  pthread_create(&thread, NULL, test_func, NULL);
  pthread_detach(thread);
  pthread_cancel(thread);
  pthread_join(thread, NULL);
  pthread_atfork(NULL, NULL, NULL);
  pthread_exit(NULL);

  return 0;
}

